<?xml version="1.0" encoding="UTF-8"?>
<testsuite name="me.yisak.web.HelloControllerTest" tests="2" skipped="0" failures="0" errors="0" timestamp="2020-10-22T07:11:46" hostname="205-15" time="0.376">
  <properties/>
  <testcase name="hello가_리턴된다" classname="me.yisak.web.HelloControllerTest" time="0.298"/>
  <testcase name="helloDto가_리턴된다" classname="me.yisak.web.HelloControllerTest" time="0.077"/>
  <system-out><![CDATA[2020-10-22 16:11:43.246  INFO 8528 --- [    Test worker] .b.t.a.w.s.WebMvcTestContextBootstrapper : Neither @ContextConfiguration nor @ContextHierarchy found for test class [me.yisak.web.HelloControllerTest], using SpringBootContextLoader
2020-10-22 16:11:43.246  INFO 8528 --- [    Test worker] o.s.t.c.support.AbstractContextLoader    : Could not detect default resource locations for test class [me.yisak.web.HelloControllerTest]: no resource found for suffixes {-context.xml, Context.groovy}.
2020-10-22 16:11:43.246  INFO 8528 --- [    Test worker] t.c.s.AnnotationConfigContextLoaderUtils : Could not detect default configuration classes for test class [me.yisak.web.HelloControllerTest]: HelloControllerTest does not declare any static, non-private, non-final, nested classes annotated with @Configuration.
2020-10-22 16:11:43.277  INFO 8528 --- [    Test worker] .b.t.c.SpringBootTestContextBootstrapper : Found @SpringBootConfiguration me.yisak.Application for test class me.yisak.web.HelloControllerTest
2020-10-22 16:11:43.277  INFO 8528 --- [    Test worker] .b.t.a.w.s.WebMvcTestContextBootstrapper : Loaded default TestExecutionListener class names from location [META-INF/spring.factories]: [org.springframework.security.test.context.support.WithSecurityContextTestExecutionListener, org.springframework.security.test.context.support.ReactorContextTestExecutionListener, org.springframework.boot.test.autoconfigure.restdocs.RestDocsTestExecutionListener, org.springframework.boot.test.autoconfigure.web.client.MockRestServiceServerResetTestExecutionListener, org.springframework.boot.test.autoconfigure.web.servlet.MockMvcPrintOnlyOnFailureTestExecutionListener, org.springframework.boot.test.autoconfigure.web.servlet.WebDriverTestExecutionListener, org.springframework.boot.test.mock.mockito.MockitoTestExecutionListener, org.springframework.boot.test.mock.mockito.ResetMocksTestExecutionListener, org.springframework.test.context.web.ServletTestExecutionListener, org.springframework.test.context.support.DirtiesContextBeforeModesTestExecutionListener, org.springframework.test.context.support.DependencyInjectionTestExecutionListener, org.springframework.test.context.support.DirtiesContextTestExecutionListener, org.springframework.test.context.transaction.TransactionalTestExecutionListener, org.springframework.test.context.jdbc.SqlScriptsTestExecutionListener]
2020-10-22 16:11:43.277  INFO 8528 --- [    Test worker] .b.t.a.w.s.WebMvcTestContextBootstrapper : Using TestExecutionListeners: [org.springframework.test.context.web.ServletTestExecutionListener@619fcaf1, org.springframework.test.context.support.DirtiesContextBeforeModesTestExecutionListener@4167d2d0, org.springframework.boot.test.mock.mockito.MockitoTestExecutionListener@5bd1b768, org.springframework.boot.test.autoconfigure.SpringBootDependencyInjectionTestExecutionListener@5459c70b, org.springframework.test.context.support.DirtiesContextTestExecutionListener@4b8e5733, org.springframework.test.context.transaction.TransactionalTestExecutionListener@3400edc0, org.springframework.test.context.jdbc.SqlScriptsTestExecutionListener@62bc66df, org.springframework.security.test.context.support.WithSecurityContextTestExecutionListener@78c7941c, org.springframework.security.test.context.support.ReactorContextTestExecutionListener@414963f8, org.springframework.boot.test.autoconfigure.restdocs.RestDocsTestExecutionListener@7294f8fc, org.springframework.boot.test.autoconfigure.web.client.MockRestServiceServerResetTestExecutionListener@739fe2ef, org.springframework.boot.test.autoconfigure.web.servlet.MockMvcPrintOnlyOnFailureTestExecutionListener@37bceff4, org.springframework.boot.test.autoconfigure.web.servlet.WebDriverTestExecutionListener@3d600c58, org.springframework.boot.test.mock.mockito.ResetMocksTestExecutionListener@68e64010]

  .   ____          _            __ _ _
 /\\ / ___'_ __ _ _(_)_ __  __ _ \ \ \ \
( ( )\___ | '_ | '_| | '_ \/ _` | \ \ \ \
 \\/  ___)| |_)| | | | | || (_| |  ) ) ) )
  '  |____| .__|_| |_|_| |_\__, | / / / /
 =========|_|==============|___/=/_/_/_/
 :: Spring Boot ::        (v2.1.7.RELEASE)

2020-10-22 16:11:43.324  INFO 8528 --- [    Test worker] me.yisak.web.HelloControllerTest         : Starting HelloControllerTest on 205-15 with PID 8528 (started by Administrator in C:\Users\Public\Documents\springboot2-webservice)
2020-10-22 16:11:43.324  INFO 8528 --- [    Test worker] me.yisak.web.HelloControllerTest         : The following profiles are active: oauth
2020-10-22 16:11:45.277  INFO 8528 --- [    Test worker] o.s.s.concurrent.ThreadPoolTaskExecutor  : Initializing ExecutorService 'applicationTaskExecutor'
2020-10-22 16:11:45.433  INFO 8528 --- [    Test worker] o.s.b.a.w.s.WelcomePageHandlerMapping    : Adding welcome page template: index
2020-10-22 16:11:45.886  INFO 8528 --- [    Test worker] .s.s.UserDetailsServiceAutoConfiguration : 

Using generated security password: 48bc9995-7da7-46f6-b53e-f7086aee4ff6

2020-10-22 16:11:46.293  INFO 8528 --- [    Test worker] o.s.s.web.DefaultSecurityFilterChain     : Creating filter chain: any request, [org.springframework.security.web.context.request.async.WebAsyncManagerIntegrationFilter@22a07cba, org.springframework.security.web.context.SecurityContextPersistenceFilter@38320fa9, org.springframework.security.web.header.HeaderWriterFilter@5a1d78e4, org.springframework.security.web.csrf.CsrfFilter@29146283, org.springframework.security.web.authentication.logout.LogoutFilter@af00e69, org.springframework.security.web.authentication.UsernamePasswordAuthenticationFilter@5818d36, org.springframework.security.web.authentication.ui.DefaultLoginPageGeneratingFilter@68cb2f15, org.springframework.security.web.authentication.ui.DefaultLogoutPageGeneratingFilter@4df29f76, org.springframework.security.web.authentication.www.BasicAuthenticationFilter@a8f1bbf, org.springframework.security.web.savedrequest.RequestCacheAwareFilter@171f2062, org.springframework.security.web.servletapi.SecurityContextHolderAwareRequestFilter@4ab5a69f, org.springframework.security.web.authentication.AnonymousAuthenticationFilter@1f540286, org.springframework.security.web.session.SessionManagementFilter@4eeba4c4, org.springframework.security.web.access.ExceptionTranslationFilter@269b5b3d, org.springframework.security.web.access.intercept.FilterSecurityInterceptor@4ddb84f3]
2020-10-22 16:11:46.355  INFO 8528 --- [    Test worker] o.s.b.t.m.w.SpringBootMockServletContext : Initializing Spring TestDispatcherServlet ''
2020-10-22 16:11:46.355  INFO 8528 --- [    Test worker] o.s.t.web.servlet.TestDispatcherServlet  : Initializing Servlet ''
2020-10-22 16:11:46.402  INFO 8528 --- [    Test worker] o.s.t.web.servlet.TestDispatcherServlet  : Completed initialization in 47 ms
2020-10-22 16:11:46.480  INFO 8528 --- [    Test worker] me.yisak.web.HelloControllerTest         : Started HelloControllerTest in 3.203 seconds (JVM running for 7.409)
]]></system-out>
  <system-err><![CDATA[]]></system-err>
</testsuite>
