<?xml version="1.0" encoding="UTF-8"?>
<testsuite name="me.yisak.web.HelloControllerTest" tests="2" skipped="0" failures="0" errors="0" timestamp="2020-10-22T01:49:32" hostname="205-15" time="0.216">
  <properties/>
  <testcase name="hello가_리턴된다" classname="me.yisak.web.HelloControllerTest" time="0.092"/>
  <testcase name="helloDto가_리턴된다" classname="me.yisak.web.HelloControllerTest" time="0.122"/>
  <system-out><![CDATA[2020-10-22 10:49:31.113  INFO 5380 --- [    Test worker] .b.t.a.w.s.WebMvcTestContextBootstrapper : Neither @ContextConfiguration nor @ContextHierarchy found for test class [me.yisak.web.HelloControllerTest], using SpringBootContextLoader
2020-10-22 10:49:31.113  INFO 5380 --- [    Test worker] o.s.t.c.support.AbstractContextLoader    : Could not detect default resource locations for test class [me.yisak.web.HelloControllerTest]: no resource found for suffixes {-context.xml, Context.groovy}.
2020-10-22 10:49:31.113  INFO 5380 --- [    Test worker] t.c.s.AnnotationConfigContextLoaderUtils : Could not detect default configuration classes for test class [me.yisak.web.HelloControllerTest]: HelloControllerTest does not declare any static, non-private, non-final, nested classes annotated with @Configuration.
2020-10-22 10:49:31.144  INFO 5380 --- [    Test worker] .b.t.c.SpringBootTestContextBootstrapper : Found @SpringBootConfiguration me.yisak.Application for test class me.yisak.web.HelloControllerTest
2020-10-22 10:49:31.144  INFO 5380 --- [    Test worker] .b.t.a.w.s.WebMvcTestContextBootstrapper : Loaded default TestExecutionListener class names from location [META-INF/spring.factories]: [org.springframework.security.test.context.support.WithSecurityContextTestExecutionListener, org.springframework.security.test.context.support.ReactorContextTestExecutionListener, org.springframework.boot.test.autoconfigure.restdocs.RestDocsTestExecutionListener, org.springframework.boot.test.autoconfigure.web.client.MockRestServiceServerResetTestExecutionListener, org.springframework.boot.test.autoconfigure.web.servlet.MockMvcPrintOnlyOnFailureTestExecutionListener, org.springframework.boot.test.autoconfigure.web.servlet.WebDriverTestExecutionListener, org.springframework.boot.test.mock.mockito.MockitoTestExecutionListener, org.springframework.boot.test.mock.mockito.ResetMocksTestExecutionListener, org.springframework.test.context.web.ServletTestExecutionListener, org.springframework.test.context.support.DirtiesContextBeforeModesTestExecutionListener, org.springframework.test.context.support.DependencyInjectionTestExecutionListener, org.springframework.test.context.support.DirtiesContextTestExecutionListener, org.springframework.test.context.transaction.TransactionalTestExecutionListener, org.springframework.test.context.jdbc.SqlScriptsTestExecutionListener]
2020-10-22 10:49:31.160  INFO 5380 --- [    Test worker] .b.t.a.w.s.WebMvcTestContextBootstrapper : Using TestExecutionListeners: [org.springframework.test.context.web.ServletTestExecutionListener@48167c2a, org.springframework.test.context.support.DirtiesContextBeforeModesTestExecutionListener@371eef24, org.springframework.boot.test.mock.mockito.MockitoTestExecutionListener@2e3145a9, org.springframework.boot.test.autoconfigure.SpringBootDependencyInjectionTestExecutionListener@53acff65, org.springframework.test.context.support.DirtiesContextTestExecutionListener@28a02e16, org.springframework.test.context.transaction.TransactionalTestExecutionListener@688793e9, org.springframework.test.context.jdbc.SqlScriptsTestExecutionListener@4cbf9f5d, org.springframework.security.test.context.support.WithSecurityContextTestExecutionListener@78dc0678, org.springframework.security.test.context.support.ReactorContextTestExecutionListener@51a557eb, org.springframework.boot.test.autoconfigure.restdocs.RestDocsTestExecutionListener@5699eed, org.springframework.boot.test.autoconfigure.web.client.MockRestServiceServerResetTestExecutionListener@351cbc6a, org.springframework.boot.test.autoconfigure.web.servlet.MockMvcPrintOnlyOnFailureTestExecutionListener@2deb8377, org.springframework.boot.test.autoconfigure.web.servlet.WebDriverTestExecutionListener@568a832e, org.springframework.boot.test.mock.mockito.ResetMocksTestExecutionListener@1fddf1e4]

  .   ____          _            __ _ _
 /\\ / ___'_ __ _ _(_)_ __  __ _ \ \ \ \
( ( )\___ | '_ | '_| | '_ \/ _` | \ \ \ \
 \\/  ___)| |_)| | | | | || (_| |  ) ) ) )
  '  |____| .__|_| |_|_| |_\__, | / / / /
 =========|_|==============|___/=/_/_/_/
 :: Spring Boot ::        (v2.1.7.RELEASE)

2020-10-22 10:49:31.253  INFO 5380 --- [    Test worker] me.yisak.web.HelloControllerTest         : Starting HelloControllerTest on 205-15 with PID 5380 (started by Administrator in C:\Users\Public\Documents\springboot2-webservice)
2020-10-22 10:49:31.253  INFO 5380 --- [    Test worker] me.yisak.web.HelloControllerTest         : The following profiles are active: oauth
2020-10-22 10:49:31.816  INFO 5380 --- [    Test worker] o.s.s.concurrent.ThreadPoolTaskExecutor  : Initializing ExecutorService 'applicationTaskExecutor'
2020-10-22 10:49:31.863  INFO 5380 --- [    Test worker] o.s.b.a.w.s.WelcomePageHandlerMapping    : Adding welcome page template: index
2020-10-22 10:49:32.160  INFO 5380 --- [    Test worker] .s.s.UserDetailsServiceAutoConfiguration : 

Using generated security password: a155152e-bd4c-42fb-8463-c0a20706112d

2020-10-22 10:49:32.332  INFO 5380 --- [    Test worker] o.s.s.web.DefaultSecurityFilterChain     : Creating filter chain: any request, [org.springframework.security.web.context.request.async.WebAsyncManagerIntegrationFilter@221b4506, org.springframework.security.web.context.SecurityContextPersistenceFilter@48c9faee, org.springframework.security.web.header.HeaderWriterFilter@20e199c6, org.springframework.security.web.csrf.CsrfFilter@7a55a93b, org.springframework.security.web.authentication.logout.LogoutFilter@6dcf0666, org.springframework.security.web.authentication.UsernamePasswordAuthenticationFilter@6f5fa3cd, org.springframework.security.web.authentication.ui.DefaultLoginPageGeneratingFilter@5a00840f, org.springframework.security.web.authentication.ui.DefaultLogoutPageGeneratingFilter@5b8bdcaa, org.springframework.security.web.authentication.www.BasicAuthenticationFilter@22dab01c, org.springframework.security.web.savedrequest.RequestCacheAwareFilter@568d5900, org.springframework.security.web.servletapi.SecurityContextHolderAwareRequestFilter@7a0ec5be, org.springframework.security.web.authentication.AnonymousAuthenticationFilter@2c26cd97, org.springframework.security.web.session.SessionManagementFilter@772ae090, org.springframework.security.web.access.ExceptionTranslationFilter@6c9e4887, org.springframework.security.web.access.intercept.FilterSecurityInterceptor@52ea861b]
2020-10-22 10:49:32.378  INFO 5380 --- [    Test worker] o.s.b.t.m.w.SpringBootMockServletContext : Initializing Spring TestDispatcherServlet ''
2020-10-22 10:49:32.378  INFO 5380 --- [    Test worker] o.s.t.web.servlet.TestDispatcherServlet  : Initializing Servlet ''
2020-10-22 10:49:32.394  INFO 5380 --- [    Test worker] o.s.t.web.servlet.TestDispatcherServlet  : Completed initialization in 16 ms
2020-10-22 10:49:32.425  INFO 5380 --- [    Test worker] me.yisak.web.HelloControllerTest         : Started HelloControllerTest in 1.265 seconds (JVM running for 10.996)
]]></system-out>
  <system-err><![CDATA[]]></system-err>
</testsuite>
