<?xml version="1.0" encoding="UTF-8"?>
<testsuite name="me.yisak.web.dto.HelloResponseDtoTest" tests="1" skipped="0" failures="0" errors="0" timestamp="2020-10-22T07:11:43" hostname="205-15" time="0.064">
  <properties/>
  <testcase name="롬복_기능_테스트" classname="me.yisak.web.dto.HelloResponseDtoTest" time="0.064"/>
  <system-out><![CDATA[]]></system-out>
  <system-err><![CDATA[]]></system-err>
</testsuite>
