<?xml version="1.0" encoding="UTF-8"?>
<testsuite name="me.yisak.web.PostsApiControllerTest" tests="2" skipped="0" failures="0" errors="0" timestamp="2020-10-22T01:49:36" hostname="205-15" time="0.167">
  <properties/>
  <testcase name="Posts_등록된다" classname="me.yisak.web.PostsApiControllerTest" time="0.113"/>
  <testcase name="Posts_수정된다" classname="me.yisak.web.PostsApiControllerTest" time="0.053"/>
  <system-out><![CDATA[2020-10-22 10:49:36.003  INFO 5380 --- [    Test worker] .b.t.c.SpringBootTestContextBootstrapper : Neither @ContextConfiguration nor @ContextHierarchy found for test class [me.yisak.web.PostsApiControllerTest], using SpringBootContextLoader
2020-10-22 10:49:36.003  INFO 5380 --- [    Test worker] o.s.t.c.support.AbstractContextLoader    : Could not detect default resource locations for test class [me.yisak.web.PostsApiControllerTest]: no resource found for suffixes {-context.xml, Context.groovy}.
2020-10-22 10:49:36.003  INFO 5380 --- [    Test worker] t.c.s.AnnotationConfigContextLoaderUtils : Could not detect default configuration classes for test class [me.yisak.web.PostsApiControllerTest]: PostsApiControllerTest does not declare any static, non-private, non-final, nested classes annotated with @Configuration.
2020-10-22 10:49:36.003  INFO 5380 --- [    Test worker] .b.t.c.SpringBootTestContextBootstrapper : Found @SpringBootConfiguration me.yisak.Application for test class me.yisak.web.PostsApiControllerTest
2020-10-22 10:49:36.003  INFO 5380 --- [    Test worker] .b.t.c.SpringBootTestContextBootstrapper : Loaded default TestExecutionListener class names from location [META-INF/spring.factories]: [org.springframework.security.test.context.support.WithSecurityContextTestExecutionListener, org.springframework.security.test.context.support.ReactorContextTestExecutionListener, org.springframework.boot.test.autoconfigure.restdocs.RestDocsTestExecutionListener, org.springframework.boot.test.autoconfigure.web.client.MockRestServiceServerResetTestExecutionListener, org.springframework.boot.test.autoconfigure.web.servlet.MockMvcPrintOnlyOnFailureTestExecutionListener, org.springframework.boot.test.autoconfigure.web.servlet.WebDriverTestExecutionListener, org.springframework.boot.test.mock.mockito.MockitoTestExecutionListener, org.springframework.boot.test.mock.mockito.ResetMocksTestExecutionListener, org.springframework.test.context.web.ServletTestExecutionListener, org.springframework.test.context.support.DirtiesContextBeforeModesTestExecutionListener, org.springframework.test.context.support.DependencyInjectionTestExecutionListener, org.springframework.test.context.support.DirtiesContextTestExecutionListener, org.springframework.test.context.transaction.TransactionalTestExecutionListener, org.springframework.test.context.jdbc.SqlScriptsTestExecutionListener]
2020-10-22 10:49:36.003  INFO 5380 --- [    Test worker] .b.t.c.SpringBootTestContextBootstrapper : Using TestExecutionListeners: [org.springframework.test.context.web.ServletTestExecutionListener@58241953, org.springframework.test.context.support.DirtiesContextBeforeModesTestExecutionListener@5eb89aa6, org.springframework.boot.test.mock.mockito.MockitoTestExecutionListener@41f3bad8, org.springframework.boot.test.autoconfigure.SpringBootDependencyInjectionTestExecutionListener@1c298c1e, org.springframework.test.context.support.DirtiesContextTestExecutionListener@643fe049, org.springframework.test.context.transaction.TransactionalTestExecutionListener@7ec83bc2, org.springframework.test.context.jdbc.SqlScriptsTestExecutionListener@22b16bb9, org.springframework.security.test.context.support.WithSecurityContextTestExecutionListener@72a85a8d, org.springframework.security.test.context.support.ReactorContextTestExecutionListener@698ec139, org.springframework.boot.test.autoconfigure.restdocs.RestDocsTestExecutionListener@56a7f1e1, org.springframework.boot.test.autoconfigure.web.client.MockRestServiceServerResetTestExecutionListener@7fe2b42f, org.springframework.boot.test.autoconfigure.web.servlet.MockMvcPrintOnlyOnFailureTestExecutionListener@4faee56c, org.springframework.boot.test.autoconfigure.web.servlet.WebDriverTestExecutionListener@503672a9, org.springframework.boot.test.mock.mockito.ResetMocksTestExecutionListener@3977b9b7]
2020-10-22 10:49:36.019  INFO 5380 --- [    Test worker] o.a.c.c.C.[Tomcat].[localhost].[/]       : Initializing Spring TestDispatcherServlet ''
2020-10-22 10:49:36.019  INFO 5380 --- [    Test worker] o.s.t.web.servlet.TestDispatcherServlet  : Initializing Servlet ''
2020-10-22 10:49:36.019  INFO 5380 --- [    Test worker] o.s.t.web.servlet.TestDispatcherServlet  : Completed initialization in 0 ms
Hibernate: insert into posts (created_date, modified_date, author, content, title) values (?, ?, ?, ?, ?)
Hibernate: select posts0_.id as id1_0_, posts0_.created_date as created_2_0_, posts0_.modified_date as modified3_0_, posts0_.author as author4_0_, posts0_.content as content5_0_, posts0_.title as title6_0_ from posts posts0_
Hibernate: select posts0_.id as id1_0_, posts0_.created_date as created_2_0_, posts0_.modified_date as modified3_0_, posts0_.author as author4_0_, posts0_.content as content5_0_, posts0_.title as title6_0_ from posts posts0_
Hibernate: delete from posts where id=?
2020-10-22 10:49:36.128  INFO 5380 --- [    Test worker] o.a.c.c.C.[Tomcat].[localhost].[/]       : Initializing Spring TestDispatcherServlet ''
2020-10-22 10:49:36.128  INFO 5380 --- [    Test worker] o.s.t.web.servlet.TestDispatcherServlet  : Initializing Servlet ''
2020-10-22 10:49:36.128  INFO 5380 --- [    Test worker] o.s.t.web.servlet.TestDispatcherServlet  : Completed initialization in 0 ms
Hibernate: insert into posts (created_date, modified_date, author, content, title) values (?, ?, ?, ?, ?)
Hibernate: select posts0_.id as id1_0_0_, posts0_.created_date as created_2_0_0_, posts0_.modified_date as modified3_0_0_, posts0_.author as author4_0_0_, posts0_.content as content5_0_0_, posts0_.title as title6_0_0_ from posts posts0_ where posts0_.id=?
Hibernate: update posts set created_date=?, modified_date=?, author=?, content=?, title=? where id=?
Hibernate: select posts0_.id as id1_0_, posts0_.created_date as created_2_0_, posts0_.modified_date as modified3_0_, posts0_.author as author4_0_, posts0_.content as content5_0_, posts0_.title as title6_0_ from posts posts0_
Hibernate: select posts0_.id as id1_0_, posts0_.created_date as created_2_0_, posts0_.modified_date as modified3_0_, posts0_.author as author4_0_, posts0_.content as content5_0_, posts0_.title as title6_0_ from posts posts0_
Hibernate: delete from posts where id=?
]]></system-out>
  <system-err><![CDATA[]]></system-err>
</testsuite>
